Arguments: 
  /usr/local/bin/node /Users/wellcloud/.yarn/bin/yarn.js add bang-audio

PATH: 
  /Users/wellcloud/.yarn/bin:/Users/wellcloud/.config/yarn/global/node_modules/.bin:/usr/local/bin:/usr/bin:/bin:/usr/sbin:/sbin:/Users/wellcloud/.yarn/bin:/Users/wellcloud/.config/yarn/global/node_modules/.bin

Yarn version: 
  1.7.0

Node version: 
  10.13.0

Platform: 
  darwin x64

Trace: 
  Error: https://registry.yarnpkg.com/bang-audio: Not found
      at Request.params.callback [as _callback] (/Users/wellcloud/.yarn/lib/cli.js:65656:18)
      at Request.self.callback (/Users/wellcloud/.yarn/lib/cli.js:134675:22)
      at Request.emit (events.js:182:13)
      at Request.<anonymous> (/Users/wellcloud/.yarn/lib/cli.js:135658:10)
      at Request.emit (events.js:182:13)
      at IncomingMessage.<anonymous> (/Users/wellcloud/.yarn/lib/cli.js:135578:12)
      at Object.onceWrapper (events.js:273:13)
      at IncomingMessage.emit (events.js:187:15)
      at endReadableNT (_stream_readable.js:1094:12)
      at process._tickCallback (internal/process/next_tick.js:63:19)

npm manifest: 
  No manifest

yarn manifest: 
  No manifest

Lockfile: 
  No lockfile
